<?xml version="1.0" encoding="UTF-8"?>
<!-- Generated by org.testng.reporters.JUnitReportReporter -->
<testsuite skipped="0" hostname="DESKTOP-FM60FP4" name="testng.P1" tests="3" failures="0" timestamp="2020-03-01T12:29:10 IST" time="0.012" errors="0">
  <testcase name="orange" time="0.002" classname="testng.P1"/>
  <testcase name="banana" time="0.002" classname="testng.P1"/>
  <testcase name="a" time="0.008" classname="testng.P1"/>
</testsuite> <!-- testng.P1 -->
