<?xml version="1.0" encoding="UTF-8"?>
<!-- Generated by org.testng.reporters.JUnitReportReporter -->
<testsuite skipped="0" hostname="DESKTOP-FM60FP4" name="testng1.P1" tests="2" failures="0" timestamp="2020-03-01T12:45:23 IST" time="14.702" errors="0">
  <testcase name="test2" time="4.719" classname="testng1.P1"/>
  <testcase name="test1" time="9.983" classname="testng1.P1"/>
</testsuite> <!-- testng1.P1 -->
