<?xml version="1.0" encoding="UTF-8"?>
<!-- Generated by org.testng.reporters.JUnitReportReporter -->
<testsuite skipped="0" hostname="DESKTOP-FM60FP4" name="testng.P2" tests="4" failures="0" timestamp="2020-03-01T12:04:47 IST" time="0.030" errors="0">
  <testcase name="test1" time="0.004" classname="testng.P2"/>
  <testcase name="test2" time="0.007" classname="testng.P2"/>
  <testcase name="test2" time="0.010" classname="testng.P2"/>
  <testcase name="test1" time="0.009" classname="testng.P2"/>
</testsuite> <!-- testng.P2 -->
